生成启动时间为 2013-6-15 星期六 12:42:50。
     1>项目“E:\mycode\VS2010Project\watershed2\helloopencv\helloopencv.vcxproj”在节点 2 上(build 个目标)。
     1>InitializeBuildStatus:
         正在创建“Release\helloopencv.unsuccessfulbuild”，因为已指定“AlwaysCreate”。
       ClCompile:
         D:\Program Files\Microsoft Visual Studio 10.0\VC\bin\CL.exe /c /Zi /nologo /W3 /WX- /O2 /Oi /Oy- /GL /D WIN32 /D NDEBUG /D _CONSOLE /D _UNICODE /D UNICODE /Gm- /EHsc /MD /GS /Gy /fp:precise /Zc:wchar_t /Zc:forScope /Fo"Release\\" /Fd"Release\vc100.pdb" /Gd /TP /analyze- /errorReport:prompt WatershedMain.cpp
         WatershedMain.cpp
     1>d:\opencv\build\include\opencv2\flann\logger.h(66): warning C4996: 'fopen': This function or variable may be unsafe. Consider using fopen_s instead. To disable deprecation, use _CRT_SECURE_NO_WARNINGS. See online help for details.
                 D:\Program Files\Microsoft Visual Studio 10.0\VC\include\stdio.h(234) : 参见“fopen”的声明
       Link:
         D:\Program Files\Microsoft Visual Studio 10.0\VC\bin\link.exe /ERRORREPORT:PROMPT /OUT:"E:\mycode\VS2010Project\watershed2\Release\helloopencv.exe" /INCREMENTAL:NO /NOLOGO opencv_calib3d245.lib opencv_contrib245.lib opencv_core245.lib opencv_features2d245.lib opencv_flann245.lib opencv_gpu245.lib opencv_highgui245.lib opencv_imgproc245.lib opencv_legacy245.lib opencv_ml245.lib opencv_objdetect245.lib opencv_ts245.lib opencv_video245.lib glfw.lib glew32.lib opengl32.lib glu32.lib gdi32.lib winmm.lib user32.lib kernel32.lib user32.lib gdi32.lib winspool.lib comdlg32.lib advapi32.lib shell32.lib ole32.lib oleaut32.lib uuid.lib odbc32.lib odbccp32.lib /MANIFEST /ManifestFile:"Release\helloopencv.exe.intermediate.manifest" /MANIFESTUAC:"level='asInvoker' uiAccess='false'" /DEBUG /PDB:"E:\mycode\VS2010Project\watershed2\Release\helloopencv.pdb" /SUBSYSTEM:CONSOLE /OPT:REF /OPT:ICF /LTCG /TLBID:1 /DYNAMICBASE /NXCOMPAT /IMPLIB:"E:\mycode\VS2010Project\watershed2\Release\helloopencv.lib" /MACHINE:X86 Release\WatershedMain.obj
         正在生成代码
         已完成代码的生成
         helloopencv.vcxproj -> E:\mycode\VS2010Project\watershed2\Release\helloopencv.exe
       Manifest:
         C:\Program Files\Microsoft SDKs\Windows\v7.0A\bin\mt.exe /nologo /verbose /outputresource:"E:\mycode\VS2010Project\watershed2\Release\helloopencv.exe;#1" /manifest Release\helloopencv.exe.intermediate.manifest
       FinalizeBuildStatus:
         正在删除文件“Release\helloopencv.unsuccessfulbuild”。
         正在对“Release\helloopencv.lastbuildstate”执行 Touch 任务。
     1>已完成生成项目“E:\mycode\VS2010Project\watershed2\helloopencv\helloopencv.vcxproj”(build 个目标)的操作。

生成成功。

已用时间 00:00:04.68
